# JRE version: Java(TM) SE Runtime Environment (17.0.5+9) (build 17.0.5+9-LTS-191)
# Java VM: Java HotSpot(TM) 64-Bit Server VM (17.0.5+9-LTS-191, mixed mode, sharing, tiered, compressed oops, compressed class ptrs, g1 gc, windows-amd64)
GC Precious Log:
 CPUs: 8 total, 8 available
 Memory: 16133M
 Large Page Support: Disabled
 NUMA Support: Disabled
 Compressed Oops: Enabled (Zero based)
 Heap Region Size: 2M
 Heap Min Capacity: 8M
 Heap Initial Capacity: 254M
 Heap Max Capacity: 4034M
 Pre-touch: Disabled
 Parallel Workers: 8
 Concurrent Workers: 2
 Concurrent Refinement Workers: 8
 Periodic GC: Disabled
Heap:
 garbage-first heap   total 380928K, used 205346K [0x0000000703e00000, 0x0000000800000000)
  region size 2048K, 1 young (2048K), 1 survivors (2048K)
 Metaspace       used 145K, committed 384K, reserved 1056768K
  class space    used 4K, committed 128K, reserved 1048576K
GC Heap History (7 events):
Event: 0.251 GC heap before
{Heap before GC invocations=0 (full 0):
 garbage-first heap   total 260096K, used 116736K [0x0000000703e00000, 0x0000000800000000)
  region size 2048K, 3 young (6144K), 0 survivors (0K)
 Metaspace       used 145K, committed 384K, reserved 1056768K
  class space    used 4K, committed 128K, reserved 1048576K
}
Event: 0.364 GC heap after
{Heap after GC invocations=1 (full 0):
 garbage-first heap   total 260096K, used 115394K [0x0000000703e00000, 0x0000000800000000)
  region size 2048K, 1 young (2048K), 1 survivors (2048K)
 Metaspace       used 145K, committed 384K, reserved 1056768K
  class space    used 4K, committed 128K, reserved 1048576K
}
Event: 0.476 GC heap before
{Heap before GC invocations=1 (full 0):
 garbage-first heap   total 260096K, used 170690K [0x0000000703e00000, 0x0000000800000000)
  region size 2048K, 1 young (2048K), 1 survivors (2048K)
 Metaspace       used 145K, committed 384K, reserved 1056768K
  class space    used 4K, committed 128K, reserved 1048576K
}
Event: 0.643 GC heap after
{Heap after GC invocations=2 (full 0):
 garbage-first heap   total 260096K, used 170527K [0x0000000703e00000, 0x0000000800000000)
  region size 2048K, 1 young (2048K), 1 survivors (2048K)
 Metaspace       used 145K, committed 384K, reserved 1056768K
  class space    used 4K, committed 128K, reserved 1048576K
}
Event: 0.850 GC heap before
{Heap before GC invocations=3 (full 0):
 garbage-first heap   total 260096K, used 137759K [0x0000000703e00000, 0x0000000800000000)
  region size 2048K, 1 young (2048K), 1 survivors (2048K)
 Metaspace       used 145K, committed 384K, reserved 1056768K
  class space    used 4K, committed 128K, reserved 1048576K
}
Event: 1.003 GC heap after
{Heap after GC invocations=4 (full 0):
 garbage-first heap   total 260096K, used 137762K [0x0000000703e00000, 0x0000000800000000)
  region size 2048K, 1 young (2048K), 1 survivors (2048K)
 Metaspace       used 145K, committed 384K, reserved 1056768K
  class space    used 4K, committed 128K, reserved 1048576K
}
Event: 1.275 GC heap before
{Heap before GC invocations=5 (full 0):
 garbage-first heap   total 380928K, used 205346K [0x0000000703e00000, 0x0000000800000000)
  region size 2048K, 1 young (2048K), 1 survivors (2048K)
 Metaspace       used 145K, committed 384K, reserved 1056768K
  class space    used 4K, committed 128K, reserved 1048576K
}

